# JRE version: Java(TM) SE Runtime Environment (8.0_131-b11) (build 1.8.0_131-b11)
# Java VM: Java HotSpot(TM) 64-Bit Server VM (25.131-b11 mixed mode windows-amd64 compressed oops)
Heap:
 PSYoungGen      total 343040K, used 11990K [0x00000000daf80000, 0x00000000f7280000, 0x0000000100000000)
  eden space 322048K, 3% used [0x00000000daf80000,0x00000000dbb35870,0x00000000eea00000)
  from space 20992K, 0% used [0x00000000eea00000,0x00000000eea00000,0x00000000efe80000)
  to   space 21504K, 0% used [0x00000000f5d80000,0x00000000f5d80000,0x00000000f7280000)
 ParOldGen       total 103424K, used 31418K [0x0000000090e00000, 0x0000000097300000, 0x00000000daf80000)
  object space 103424K, 30% used [0x0000000090e00000,0x0000000092cae8e0,0x0000000097300000)
 Metaspace       used 56930K, capacity 59044K, committed 59284K, reserved 1101824K
  class space    used 6910K, capacity 7318K, committed 7384K, reserved 1048576K
GC Heap History (10 events):
Event: 31.189 GC heap before
{Heap before GC invocations=12 (full 2):
 PSYoungGen      total 207360K, used 193536K [0x00000000daf80000, 0x00000000ed480000, 0x0000000100000000)
  eden space 193536K, 100% used [0x00000000daf80000,0x00000000e6c80000,0x00000000e6c80000)
  from space 13824K, 0% used [0x00000000e6c80000,0x00000000e6c80000,0x00000000e7a00000)
  to   space 15872K, 0% used [0x00000000ec500000,0x00000000ec500000,0x00000000ed480000)
 ParOldGen       total 75264K, used 18971K [0x0000000090e00000, 0x0000000095780000, 0x00000000daf80000)
  object space 75264K, 25% used [0x0000000090e00000,0x0000000092086cb8,0x0000000095780000)
 Metaspace       used 42069K, capacity 43698K, committed 43992K, reserved 1087488K
  class space    used 5400K, capacity 5729K, committed 5848K, reserved 1048576K
Event: 31.211 GC heap after
Heap after GC invocations=12 (full 2):
 PSYoungGen      total 267776K, used 15871K [0x00000000daf80000, 0x00000000ed480000, 0x0000000100000000)
  eden space 251904K, 0% used [0x00000000daf80000,0x00000000daf80000,0x00000000ea580000)
  from space 15872K, 99% used [0x00000000ec500000,0x00000000ed47ff98,0x00000000ed480000)
  to   space 19456K, 0% used [0x00000000eae80000,0x00000000eae80000,0x00000000ec180000)
 ParOldGen       total 75264K, used 22730K [0x0000000090e00000, 0x0000000095780000, 0x00000000daf80000)
  object space 75264K, 30% used [0x0000000090e00000,0x00000000924328e8,0x0000000095780000)
 Metaspace       used 42069K, capacity 43698K, committed 43992K, reserved 1087488K
  class space    used 5400K, capacity 5729K, committed 5848K, reserved 1048576K
}
Event: 33.553 GC heap before
{Heap before GC invocations=13 (full 2):
 PSYoungGen      total 267776K, used 267775K [0x00000000daf80000, 0x00000000ed480000, 0x0000000100000000)
  eden space 251904K, 100% used [0x00000000daf80000,0x00000000ea580000,0x00000000ea580000)
  from space 15872K, 99% used [0x00000000ec500000,0x00000000ed47ff98,0x00000000ed480000)
  to   space 19456K, 0% used [0x00000000eae80000,0x00000000eae80000,0x00000000ec180000)
 ParOldGen       total 75264K, used 22730K [0x0000000090e00000, 0x0000000095780000, 0x00000000daf80000)
  object space 75264K, 30% used [0x0000000090e00000,0x00000000924328e8,0x0000000095780000)
 Metaspace       used 52609K, capacity 54520K, committed 54744K, reserved 1097728K
  class space    used 6683K, capacity 7050K, committed 7128K, reserved 1048576K
Event: 33.576 GC heap after
Heap after GC invocations=13 (full 2):
 PSYoungGen      total 280576K, used 15648K [0x00000000daf80000, 0x00000000f1280000, 0x0000000100000000)
  eden space 261120K, 0% used [0x00000000daf80000,0x00000000daf80000,0x00000000eae80000)
  from space 19456K, 80% used [0x00000000eae80000,0x00000000ebdc81f8,0x00000000ec180000)
  to   space 20480K, 0% used [0x00000000efe80000,0x00000000efe80000,0x00000000f1280000)
 ParOldGen       total 75264K, used 27359K [0x0000000090e00000, 0x0000000095780000, 0x00000000daf80000)
  object space 75264K, 36% used [0x0000000090e00000,0x00000000928b7d18,0x0000000095780000)
 Metaspace       used 52609K, capacity 54520K, committed 54744K, reserved 1097728K
  class space    used 6683K, capacity 7050K, committed 7128K, reserved 1048576K
}
Event: 36.510 GC heap before
{Heap before GC invocations=14 (full 2):
 PSYoungGen      total 280576K, used 276768K [0x00000000daf80000, 0x00000000f1280000, 0x0000000100000000)
  eden space 261120K, 100% used [0x00000000daf80000,0x00000000eae80000,0x00000000eae80000)
  from space 19456K, 80% used [0x00000000eae80000,0x00000000ebdc81f8,0x00000000ec180000)
  to   space 20480K, 0% used [0x00000000efe80000,0x00000000efe80000,0x00000000f1280000)
 ParOldGen       total 75264K, used 27359K [0x0000000090e00000, 0x0000000095780000, 0x00000000daf80000)
  object space 75264K, 36% used [0x0000000090e00000,0x00000000928b7d18,0x0000000095780000)
 Metaspace       used 55617K, capacity 57656K, committed 57688K, reserved 1099776K
  class space    used 6848K, capacity 7252K, committed 7256K, reserved 1048576K
Event: 36.524 GC heap after
Heap after GC invocations=14 (full 2):
 PSYoungGen      total 342528K, used 13949K [0x00000000daf80000, 0x00000000f1780000, 0x0000000100000000)
  eden space 322048K, 0% used [0x00000000daf80000,0x00000000daf80000,0x00000000eea00000)
  from space 20480K, 68% used [0x00000000efe80000,0x00000000f0c1f7d8,0x00000000f1280000)
  to   space 20992K, 0% used [0x00000000eea00000,0x00000000eea00000,0x00000000efe80000)
 ParOldGen       total 75264K, used 27367K [0x0000000090e00000, 0x0000000095780000, 0x00000000daf80000)
  object space 75264K, 36% used [0x0000000090e00000,0x00000000928b9d18,0x0000000095780000)
 Metaspace       used 55617K, capacity 57656K, committed 57688K, reserved 1099776K
  class space    used 6848K, capacity 7252K, committed 7256K, reserved 1048576K
}
Event: 36.943 GC heap before
{Heap before GC invocations=15 (full 2):
 PSYoungGen      total 342528K, used 86738K [0x00000000daf80000, 0x00000000f1780000, 0x0000000100000000)
  eden space 322048K, 22% used [0x00000000daf80000,0x00000000df695030,0x00000000eea00000)
  from space 20480K, 68% used [0x00000000efe80000,0x00000000f0c1f7d8,0x00000000f1280000)
  to   space 20992K, 0% used [0x00000000eea00000,0x00000000eea00000,0x00000000efe80000)
 ParOldGen       total 75264K, used 27367K [0x0000000090e00000, 0x0000000095780000, 0x00000000daf80000)
  object space 75264K, 36% used [0x0000000090e00000,0x00000000928b9d18,0x0000000095780000)
 Metaspace       used 56843K, capacity 58898K, committed 59028K, reserved 1101824K
  class space    used 6905K, capacity 7315K, committed 7384K, reserved 1048576K
Event: 36.958 GC heap after
Heap after GC invocations=15 (full 2):
 PSYoungGen      total 343040K, used 14672K [0x00000000daf80000, 0x00000000f7280000, 0x0000000100000000)
  eden space 322048K, 0% used [0x00000000daf80000,0x00000000daf80000,0x00000000eea00000)
  from space 20992K, 69% used [0x00000000eea00000,0x00000000ef854280,0x00000000efe80000)
  to   space 21504K, 0% used [0x00000000f5d80000,0x00000000f5d80000,0x00000000f7280000)
 ParOldGen       total 75264K, used 27375K [0x0000000090e00000, 0x0000000095780000, 0x00000000daf80000)
  object space 75264K, 36% used [0x0000000090e00000,0x00000000928bbd18,0x0000000095780000)
 Metaspace       used 56843K, capacity 58898K, committed 59028K, reserved 1101824K
  class space    used 6905K, capacity 7315K, committed 7384K, reserved 1048576K
}
Event: 36.958 GC heap before
{Heap before GC invocations=16 (full 3):
 PSYoungGen      total 343040K, used 14672K [0x00000000daf80000, 0x00000000f7280000, 0x0000000100000000)
  eden space 322048K, 0% used [0x00000000daf80000,0x00000000daf80000,0x00000000eea00000)
  from space 20992K, 69% used [0x00000000eea00000,0x00000000ef854280,0x00000000efe80000)
  to   space 21504K, 0% used [0x00000000f5d80000,0x00000000f5d80000,0x00000000f7280000)
 ParOldGen       total 75264K, used 27375K [0x0000000090e00000, 0x0000000095780000, 0x00000000daf80000)
  object space 75264K, 36% used [0x0000000090e00000,0x00000000928bbd18,0x0000000095780000)
 Metaspace       used 56843K, capacity 58898K, committed 59028K, reserved 1101824K
  class space    used 6905K, capacity 7315K, committed 7384K, reserved 1048576K
Event: 37.166 GC heap after
Heap after GC invocations=16 (full 3):
 PSYoungGen      total 343040K, used 0K [0x00000000daf80000, 0x00000000f7280000, 0x0000000100000000)
  eden space 322048K, 0% used [0x00000000daf80000,0x00000000daf80000,0x00000000eea00000)
  from space 20992K, 0% used [0x00000000eea00000,0x00000000eea00000,0x00000000efe80000)
  to   space 21504K, 0% used [0x00000000f5d80000,0x00000000f5d80000,0x00000000f7280000)
 ParOldGen       total 103424K, used 31418K [0x0000000090e00000, 0x0000000097300000, 0x00000000daf80000)
  object space 103424K, 30% used [0x0000000090e00000,0x0000000092cae8e0,0x0000000097300000)
 Metaspace       used 56843K, capacity 58898K, committed 59028K, reserved 1101824K
  class space    used 6905K, capacity 7315K, committed 7384K, reserved 1048576K
}

